<?xml version="1.0" encoding="UTF-8"?>
<!-- Generated by org.testng.reporters.JUnitReportReporter -->
<testsuite hostname="LAPTOP-U8KGD1J1" name="TestRest.LearnTest" tests="1" failures="0" timestamp="21 Jul 2021 14:50:25 GMT" time="1.097" errors="0">
  <testcase name="Test02" time="1.097" classname="TestRest.LearnTest"/>
</testsuite> <!-- TestRest.LearnTest -->
