<?xml version="1.0" encoding="UTF-8"?>
<!-- Generated by org.testng.reporters.JUnitReportReporter -->
<testsuite hostname="LAPTOP-U8KGD1J1" name="TestRest.LearnTest" tests="1" failures="0" timestamp="17 Jul 2021 13:55:40 GMT" time="3.273" errors="0">
  <testcase name="GetWeatherDetails" time="3.273" classname="TestRest.LearnTest"/>
</testsuite> <!-- TestRest.LearnTest -->
